{"name": "Проверка переключения на страницу заказов", "status": "broken", "statusDetails": {"message": "selenium.common.exceptions.TimeoutException: Message: \nStacktrace:\n\tGetHandleVerifier [0x00007FF7304BAD22+56930]\n\t(No symbol) [0x00007FF73042F622]\n\t(No symbol) [0x00007FF7302E42E5]\n\t(No symbol) [0x00007FF7303298ED]\n\t(No symbol) [0x00007FF730329A2C]\n\t(No symbol) [0x00007FF73036A967]\n\t(No symbol) [0x00007FF73034BCDF]\n\t(No symbol) [0x00007FF7303681E2]\n\t(No symbol) [0x00007FF73034BA43]\n\t(No symbol) [0x00007FF73031D438]\n\t(No symbol) [0x00007FF73031E4D1]\n\tGetHandleVerifier [0x00007FF730836AAD+3709933]\n\tGetHandleVerifier [0x00007FF73088FFED+4075821]\n\tGetHandleVerifier [0x00007FF73088817F+4043455]\n\tGetHandleVerifier [0x00007FF730559756+706710]\n\t(No symbol) [0x00007FF73043B8FF]\n\t(No symbol) [0x00007FF730436AE4]\n\t(No symbol) [0x00007FF730436C3C]\n\t(No symbol) [0x00007FF7304268F4]\n\tBaseThreadInitThunk [0x00007FFF880D257D+29]\n\tRtlUserThreadStart [0x00007FFF8A2AAA58+40]", "trace": "self = <tests.test_main_page.TestMainPage object at 0x0000022ACC8BD7D0>, driver = <selenium.webdriver.chrome.webdriver.WebDriver (session=\"0f432d48f1d7de0848951b7ce5cf6892\")>\n\n    @allure.title(\"Проверка переключения на страницу заказов\")\n    def test_switch_to_order_history(self, driver):\n        main_page = MainPage(driver)\n>       main_page.go_to_order_feed()\n\ntests\\test_main_page.py:11: \n_ _ _ _ _ _ _ _ _ _ _ _ _ _ _ _ _ _ _ _ _ _ _ _ _ _ _ _ _ _ _ _ _ _ _ _ _ _ _ _ _ _ _ _ _ _ _ _ _ _ _ _ _ _ _ _ _ _ _ _ _ _ _ _ _ _ _ _ _ _ _ _ _ _ _ _ _ _ _ _ _ _ _ _ _ _ _ _ _ _ _ _ _ _ _ _ _ _ _ _ _ _ _ _ _ _ _ _ _ _ _ _ _ _\npages\\main_page.py:15: in go_to_order_feed\n    self.find_element_located_click(MainPageLocators.ORDER_FEED)\npages\\base_page.py:26: in find_element_located_click\n    return WebDriverWait(self.driver, time).until(expected_conditions.presence_of_element_located(locator)).click()\n_ _ _ _ _ _ _ _ _ _ _ _ _ _ _ _ _ _ _ _ _ _ _ _ _ _ _ _ _ _ _ _ _ _ _ _ _ _ _ _ _ _ _ _ _ _ _ _ _ _ _ _ _ _ _ _ _ _ _ _ _ _ _ _ _ _ _ _ _ _ _ _ _ _ _ _ _ _ _ _ _ _ _ _ _ _ _ _ _ _ _ _ _ _ _ _ _ _ _ _ _ _ _ _ _ _ _ _ _ _ _ _ _ _\n\nself = <selenium.webdriver.support.wait.WebDriverWait (session=\"0f432d48f1d7de0848951b7ce5cf6892\")>, method = <function presence_of_element_located.<locals>._predicate at 0x0000022ACC8CF560>, message = ''\n\n    def until(self, method: Callable[[D], Union[Literal[False], T]], message: str = \"\") -> T:\n        \"\"\"Calls the method provided with the driver as an argument until the \\\n        return value does not evaluate to ``False``.\n    \n        :param method: callable(WebDriver)\n        :param message: optional message for :exc:`TimeoutException`\n        :returns: the result of the last call to `method`\n        :raises: :exc:`selenium.common.exceptions.TimeoutException` if timeout occurs\n        \"\"\"\n        screen = None\n        stacktrace = None\n    \n        end_time = time.monotonic() + self._timeout\n        while True:\n            try:\n                value = method(self._driver)\n                if value:\n                    return value\n            except self._ignored_exceptions as exc:\n                screen = getattr(exc, \"screen\", None)\n                stacktrace = getattr(exc, \"stacktrace\", None)\n            time.sleep(self._poll)\n            if time.monotonic() > end_time:\n                break\n>       raise TimeoutException(message, screen, stacktrace)\nE       selenium.common.exceptions.TimeoutException: Message: \nE       Stacktrace:\nE       \tGetHandleVerifier [0x00007FF7304BAD22+56930]\nE       \t(No symbol) [0x00007FF73042F622]\nE       \t(No symbol) [0x00007FF7302E42E5]\nE       \t(No symbol) [0x00007FF7303298ED]\nE       \t(No symbol) [0x00007FF730329A2C]\nE       \t(No symbol) [0x00007FF73036A967]\nE       \t(No symbol) [0x00007FF73034BCDF]\nE       \t(No symbol) [0x00007FF7303681E2]\nE       \t(No symbol) [0x00007FF73034BA43]\nE       \t(No symbol) [0x00007FF73031D438]\nE       \t(No symbol) [0x00007FF73031E4D1]\nE       \tGetHandleVerifier [0x00007FF730836AAD+3709933]\nE       \tGetHandleVerifier [0x00007FF73088FFED+4075821]\nE       \tGetHandleVerifier [0x00007FF73088817F+4043455]\nE       \tGetHandleVerifier [0x00007FF730559756+706710]\nE       \t(No symbol) [0x00007FF73043B8FF]\nE       \t(No symbol) [0x00007FF730436AE4]\nE       \t(No symbol) [0x00007FF730436C3C]\nE       \t(No symbol) [0x00007FF7304268F4]\nE       \tBaseThreadInitThunk [0x00007FFF880D257D+29]\nE       \tRtlUserThreadStart [0x00007FFF8A2AAA58+40]\n\nvenv\\Lib\\site-packages\\selenium\\webdriver\\support\\wait.py:105: TimeoutException"}, "steps": [{"name": "Переход на страницу ленты заказов", "status": "broken", "statusDetails": {"message": "selenium.common.exceptions.TimeoutException: Message: \nStacktrace:\n\tGetHandleVerifier [0x00007FF7304BAD22+56930]\n\t(No symbol) [0x00007FF73042F622]\n\t(No symbol) [0x00007FF7302E42E5]\n\t(No symbol) [0x00007FF7303298ED]\n\t(No symbol) [0x00007FF730329A2C]\n\t(No symbol) [0x00007FF73036A967]\n\t(No symbol) [0x00007FF73034BCDF]\n\t(No symbol) [0x00007FF7303681E2]\n\t(No symbol) [0x00007FF73034BA43]\n\t(No symbol) [0x00007FF73031D438]\n\t(No symbol) [0x00007FF73031E4D1]\n\tGetHandleVerifier [0x00007FF730836AAD+3709933]\n\tGetHandleVerifier [0x00007FF73088FFED+4075821]\n\tGetHandleVerifier [0x00007FF73088817F+4043455]\n\tGetHandleVerifier [0x00007FF730559756+706710]\n\t(No symbol) [0x00007FF73043B8FF]\n\t(No symbol) [0x00007FF730436AE4]\n\t(No symbol) [0x00007FF730436C3C]\n\t(No symbol) [0x00007FF7304268F4]\n\tBaseThreadInitThunk [0x00007FFF880D257D+29]\n\tRtlUserThreadStart [0x00007FFF8A2AAA58+40]\n\n", "trace": "  File \"D:\\Python\\PycharmProjects\\Diplom_3\\venv\\Lib\\site-packages\\allure_commons\\_allure.py\", line 192, in impl\n    return func(*a, **kw)\n           ^^^^^^^^^^^^^^\n  File \"D:\\Python\\PycharmProjects\\Diplom_3\\pages\\main_page.py\", line 15, in go_to_order_feed\n    self.find_element_located_click(MainPageLocators.ORDER_FEED)\n  File \"D:\\Python\\PycharmProjects\\Diplom_3\\venv\\Lib\\site-packages\\allure_commons\\_allure.py\", line 192, in impl\n    return func(*a, **kw)\n           ^^^^^^^^^^^^^^\n  File \"D:\\Python\\PycharmProjects\\Diplom_3\\pages\\base_page.py\", line 26, in find_element_located_click\n    return WebDriverWait(self.driver, time).until(expected_conditions.presence_of_element_located(locator)).click()\n           ^^^^^^^^^^^^^^^^^^^^^^^^^^^^^^^^^^^^^^^^^^^^^^^^^^^^^^^^^^^^^^^^^^^^^^^^^^^^^^^^^^^^^^^^^^^^^^^^\n  File \"D:\\Python\\PycharmProjects\\Diplom_3\\venv\\Lib\\site-packages\\selenium\\webdriver\\support\\wait.py\", line 105, in until\n    raise TimeoutException(message, screen, stacktrace)\n"}, "steps": [{"name": "Нахождение элемента и клик", "status": "broken", "statusDetails": {"message": "selenium.common.exceptions.TimeoutException: Message: \nStacktrace:\n\tGetHandleVerifier [0x00007FF7304BAD22+56930]\n\t(No symbol) [0x00007FF73042F622]\n\t(No symbol) [0x00007FF7302E42E5]\n\t(No symbol) [0x00007FF7303298ED]\n\t(No symbol) [0x00007FF730329A2C]\n\t(No symbol) [0x00007FF73036A967]\n\t(No symbol) [0x00007FF73034BCDF]\n\t(No symbol) [0x00007FF7303681E2]\n\t(No symbol) [0x00007FF73034BA43]\n\t(No symbol) [0x00007FF73031D438]\n\t(No symbol) [0x00007FF73031E4D1]\n\tGetHandleVerifier [0x00007FF730836AAD+3709933]\n\tGetHandleVerifier [0x00007FF73088FFED+4075821]\n\tGetHandleVerifier [0x00007FF73088817F+4043455]\n\tGetHandleVerifier [0x00007FF730559756+706710]\n\t(No symbol) [0x00007FF73043B8FF]\n\t(No symbol) [0x00007FF730436AE4]\n\t(No symbol) [0x00007FF730436C3C]\n\t(No symbol) [0x00007FF7304268F4]\n\tBaseThreadInitThunk [0x00007FFF880D257D+29]\n\tRtlUserThreadStart [0x00007FFF8A2AAA58+40]\n\n", "trace": "  File \"D:\\Python\\PycharmProjects\\Diplom_3\\venv\\Lib\\site-packages\\allure_commons\\_allure.py\", line 192, in impl\n    return func(*a, **kw)\n           ^^^^^^^^^^^^^^\n  File \"D:\\Python\\PycharmProjects\\Diplom_3\\pages\\base_page.py\", line 26, in find_element_located_click\n    return WebDriverWait(self.driver, time).until(expected_conditions.presence_of_element_located(locator)).click()\n           ^^^^^^^^^^^^^^^^^^^^^^^^^^^^^^^^^^^^^^^^^^^^^^^^^^^^^^^^^^^^^^^^^^^^^^^^^^^^^^^^^^^^^^^^^^^^^^^^\n  File \"D:\\Python\\PycharmProjects\\Diplom_3\\venv\\Lib\\site-packages\\selenium\\webdriver\\support\\wait.py\", line 105, in until\n    raise TimeoutException(message, screen, stacktrace)\n"}, "parameters": [{"name": "locator", "value": "('xpath', \".//li[@class='undefined ml-2']\")"}, {"name": "time", "value": "10"}], "start": 1709887850167, "stop": 1709887860703}], "start": 1709887850167, "stop": 1709887860714}], "parameters": [{"name": "driver", "value": "'chrome'"}], "start": 1709887850166, "stop": 1709887860718, "uuid": "b4a6648f-baae-4e99-b054-d797a262fc3d", "historyId": "dc4a22f32de88aa57f63feb70f87645c", "testCaseId": "8906c0b1458f997fec0c4f2fe473a80e", "fullName": "tests.test_main_page.TestMainPage#test_switch_to_order_history", "labels": [{"name": "parentSuite", "value": "tests"}, {"name": "suite", "value": "test_main_page"}, {"name": "subSuite", "value": "TestMainPage"}, {"name": "host", "value": "LAPTOP-F446S4I0"}, {"name": "thread", "value": "29244-MainThread"}, {"name": "framework", "value": "pytest"}, {"name": "language", "value": "cpython3"}, {"name": "package", "value": "tests.test_main_page"}]}